Determining size of unsigned __int16 failed with the following output:
Change Dir: /home/myuan/v831/nna/eyesee-mpp/system/public/glog/build/CMakeFiles/CMakeTmp

Run Build Command:"/usr/bin/make" "cmTC_30e69/fast"
/usr/bin/make -f CMakeFiles/cmTC_30e69.dir/build.make CMakeFiles/cmTC_30e69.dir/build
make[1]: Entering directory '/home/myuan/v831/nna/eyesee-mpp/system/public/glog/build/CMakeFiles/CMakeTmp'
Building C object CMakeFiles/cmTC_30e69.dir/HAVE___UINT16.c.o
/home/myuan/v831/v831-ncnn-main/toolchain-sunxi-musl/toolchain/bin/arm-openwrt-linux-muslgnueabi-gcc -DV831   -o CMakeFiles/cmTC_30e69.dir/HAVE___UINT16.c.o   -c /home/myuan/v831/nna/eyesee-mpp/system/public/glog/build/CMakeFiles/CheckTypeSize/HAVE___UINT16.c
arm-openwrt-linux-muslgnueabi-gcc.bin: warning: environment variable 'STAGING_DIR' not defined
/home/myuan/v831/nna/eyesee-mpp/system/public/glog/build/CMakeFiles/CheckTypeSize/HAVE___UINT16.c:23:31: error: expected ')' before '__int16'
 #define SIZE (sizeof(unsigned __int16))
                               ^
/home/myuan/v831/nna/eyesee-mpp/system/public/glog/build/CMakeFiles/CheckTypeSize/HAVE___UINT16.c:25:12: note: in expansion of macro 'SIZE'
   ('0' + ((SIZE / 10000)%10)),
            ^~~~
/home/myuan/v831/nna/eyesee-mpp/system/public/glog/build/CMakeFiles/CheckTypeSize/HAVE___UINT16.c:23:31: error: expected ')' before '__int16'
 #define SIZE (sizeof(unsigned __int16))
                               ^
/home/myuan/v831/nna/eyesee-mpp/system/public/glog/build/CMakeFiles/CheckTypeSize/HAVE___UINT16.c:26:12: note: in expansion of macro 'SIZE'
   ('0' + ((SIZE / 1000)%10)),
            ^~~~
/home/myuan/v831/nna/eyesee-mpp/system/public/glog/build/CMakeFiles/CheckTypeSize/HAVE___UINT16.c:23:31: error: expected ')' before '__int16'
 #define SIZE (sizeof(unsigned __int16))
                               ^
/home/myuan/v831/nna/eyesee-mpp/system/public/glog/build/CMakeFiles/CheckTypeSize/HAVE___UINT16.c:27:12: note: in expansion of macro 'SIZE'
   ('0' + ((SIZE / 100)%10)),
            ^~~~
/home/myuan/v831/nna/eyesee-mpp/system/public/glog/build/CMakeFiles/CheckTypeSize/HAVE___UINT16.c:23:31: error: expected ')' before '__int16'
 #define SIZE (sizeof(unsigned __int16))
                               ^
/home/myuan/v831/nna/eyesee-mpp/system/public/glog/build/CMakeFiles/CheckTypeSize/HAVE___UINT16.c:28:12: note: in expansion of macro 'SIZE'
   ('0' + ((SIZE / 10)%10)),
            ^~~~
/home/myuan/v831/nna/eyesee-mpp/system/public/glog/build/CMakeFiles/CheckTypeSize/HAVE___UINT16.c:23:31: error: expected ')' before '__int16'
 #define SIZE (sizeof(unsigned __int16))
                               ^
/home/myuan/v831/nna/eyesee-mpp/system/public/glog/build/CMakeFiles/CheckTypeSize/HAVE___UINT16.c:29:12: note: in expansion of macro 'SIZE'
   ('0' +  (SIZE    % 10)),
            ^~~~
CMakeFiles/cmTC_30e69.dir/build.make:65: recipe for target 'CMakeFiles/cmTC_30e69.dir/HAVE___UINT16.c.o' failed
make[1]: *** [CMakeFiles/cmTC_30e69.dir/HAVE___UINT16.c.o] Error 1
make[1]: Leaving directory '/home/myuan/v831/nna/eyesee-mpp/system/public/glog/build/CMakeFiles/CMakeTmp'
Makefile:126: recipe for target 'cmTC_30e69/fast' failed
make: *** [cmTC_30e69/fast] Error 2

/home/myuan/v831/nna/eyesee-mpp/system/public/glog/build/CMakeFiles/CheckTypeSize/HAVE___UINT16.c:
#include <sys/types.h>
#include <stdint.h>
#include <stddef.h>


#undef KEY
#if defined(__i386)
# define KEY '_','_','i','3','8','6'
#elif defined(__x86_64)
# define KEY '_','_','x','8','6','_','6','4'
#elif defined(__ppc__)
# define KEY '_','_','p','p','c','_','_'
#elif defined(__ppc64__)
# define KEY '_','_','p','p','c','6','4','_','_'
#elif defined(__aarch64__)
# define KEY '_','_','a','a','r','c','h','6','4','_','_'
#elif defined(__ARM_ARCH_7A__)
# define KEY '_','_','A','R','M','_','A','R','C','H','_','7','A','_','_'
#elif defined(__ARM_ARCH_7S__)
# define KEY '_','_','A','R','M','_','A','R','C','H','_','7','S','_','_'
#endif

#define SIZE (sizeof(unsigned __int16))
char info_size[] =  {'I', 'N', 'F', 'O', ':', 's','i','z','e','[',
  ('0' + ((SIZE / 10000)%10)),
  ('0' + ((SIZE / 1000)%10)),
  ('0' + ((SIZE / 100)%10)),
  ('0' + ((SIZE / 10)%10)),
  ('0' +  (SIZE    % 10)),
  ']',
#ifdef KEY
  ' ','k','e','y','[', KEY, ']',
#endif
  '\0'};

#ifdef __CLASSIC_C__
int main(argc, argv) int argc; char *argv[];
#else
int main(int argc, char *argv[])
#endif
{
  int require = 0;
  require += info_size[argc];
  (void)argv;
  return require;
}


Performing C++ SOURCE FILE Test HAVE_NO_UNNAMED_TYPE_TEMPLATE_ARGS failed with the following output:
Change Dir: /home/myuan/v831/nna/eyesee-mpp/system/public/glog/build/CMakeFiles/CMakeTmp

Run Build Command:"/usr/bin/make" "cmTC_f9871/fast"
/usr/bin/make -f CMakeFiles/cmTC_f9871.dir/build.make CMakeFiles/cmTC_f9871.dir/build
make[1]: Entering directory '/home/myuan/v831/nna/eyesee-mpp/system/public/glog/build/CMakeFiles/CMakeTmp'
Building CXX object CMakeFiles/cmTC_f9871.dir/src.cxx.o
/home/myuan/v831/v831-ncnn-main/toolchain-sunxi-musl/toolchain/bin/arm-openwrt-linux-muslgnueabi-g++  -DV831  -DHAVE_NO_UNNAMED_TYPE_TEMPLATE_ARGS   -Wunnamed-type-template-args -o CMakeFiles/cmTC_f9871.dir/src.cxx.o -c /home/myuan/v831/nna/eyesee-mpp/system/public/glog/build/CMakeFiles/CMakeTmp/src.cxx
arm-openwrt-linux-muslgnueabi-g++.bin: error: unrecognized command line option '-Wunnamed-type-template-args'
CMakeFiles/cmTC_f9871.dir/build.make:65: recipe for target 'CMakeFiles/cmTC_f9871.dir/src.cxx.o' failed
make[1]: *** [CMakeFiles/cmTC_f9871.dir/src.cxx.o] Error 1
make[1]: Leaving directory '/home/myuan/v831/nna/eyesee-mpp/system/public/glog/build/CMakeFiles/CMakeTmp'
Makefile:126: recipe for target 'cmTC_f9871/fast' failed
make: *** [cmTC_f9871/fast] Error 2

Source file was:
int main() { return 0; }
Determining if the function UnDecorateSymbolName exists in the dbghelp failed with the following output:
Change Dir: /home/myuan/v831/nna/eyesee-mpp/system/public/glog/build/CMakeFiles/CMakeTmp

Run Build Command:"/usr/bin/make" "cmTC_af53e/fast"
/usr/bin/make -f CMakeFiles/cmTC_af53e.dir/build.make CMakeFiles/cmTC_af53e.dir/build
make[1]: Entering directory '/home/myuan/v831/nna/eyesee-mpp/system/public/glog/build/CMakeFiles/CMakeTmp'
Building C object CMakeFiles/cmTC_af53e.dir/CheckFunctionExists.c.o
/home/myuan/v831/v831-ncnn-main/toolchain-sunxi-musl/toolchain/bin/arm-openwrt-linux-muslgnueabi-gcc -DV831  -DCHECK_FUNCTION_EXISTS=UnDecorateSymbolName   -o CMakeFiles/cmTC_af53e.dir/CheckFunctionExists.c.o   -c /usr/share/cmake-3.10/Modules/CheckFunctionExists.c
arm-openwrt-linux-muslgnueabi-gcc.bin: warning: environment variable 'STAGING_DIR' not defined
Linking C executable cmTC_af53e
/usr/bin/cmake -E cmake_link_script CMakeFiles/cmTC_af53e.dir/link.txt --verbose=1
/home/myuan/v831/v831-ncnn-main/toolchain-sunxi-musl/toolchain/bin/arm-openwrt-linux-muslgnueabi-gcc  -DCHECK_FUNCTION_EXISTS=UnDecorateSymbolName    -rdynamic CMakeFiles/cmTC_af53e.dir/CheckFunctionExists.c.o  -o cmTC_af53e -ldbghelp 
arm-openwrt-linux-muslgnueabi-gcc.bin: warning: environment variable 'STAGING_DIR' not defined
arm-openwrt-linux-muslgnueabi-gcc.bin: warning: environment variable 'STAGING_DIR' not defined
/home/myuan/v831/v831-ncnn-main/toolchain-sunxi-musl/toolchain/bin/../lib/gcc/arm-openwrt-linux-muslgnueabi/6.4.1/../../../../arm-openwrt-linux-muslgnueabi/bin/ld: cannot find -ldbghelp
collect2: error: ld returned 1 exit status
CMakeFiles/cmTC_af53e.dir/build.make:97: recipe for target 'cmTC_af53e' failed
make[1]: *** [cmTC_af53e] Error 1
make[1]: Leaving directory '/home/myuan/v831/nna/eyesee-mpp/system/public/glog/build/CMakeFiles/CMakeTmp'
Makefile:126: recipe for target 'cmTC_af53e/fast' failed
make: *** [cmTC_af53e/fast] Error 2


Performing C SOURCE FILE Test HAVE___DECLSPEC failed with the following output:
Change Dir: /home/myuan/v831/nna/eyesee-mpp/system/public/glog/build/CMakeFiles/CMakeTmp

Run Build Command:"/usr/bin/make" "cmTC_0e267/fast"
/usr/bin/make -f CMakeFiles/cmTC_0e267.dir/build.make CMakeFiles/cmTC_0e267.dir/build
make[1]: Entering directory '/home/myuan/v831/nna/eyesee-mpp/system/public/glog/build/CMakeFiles/CMakeTmp'
Building C object CMakeFiles/cmTC_0e267.dir/src.c.o
/home/myuan/v831/v831-ncnn-main/toolchain-sunxi-musl/toolchain/bin/arm-openwrt-linux-muslgnueabi-gcc -DV831  -DHAVE___DECLSPEC   -o CMakeFiles/cmTC_0e267.dir/src.c.o   -c /home/myuan/v831/nna/eyesee-mpp/system/public/glog/build/CMakeFiles/CMakeTmp/src.c
arm-openwrt-linux-muslgnueabi-gcc.bin: warning: environment variable 'STAGING_DIR' not defined
/home/myuan/v831/nna/eyesee-mpp/system/public/glog/build/CMakeFiles/CMakeTmp/src.c:2:1: warning: return type defaults to 'int' [-Wimplicit-int]
 __declspec(selectany) int a;
 ^~~~~~~~~~
/home/myuan/v831/nna/eyesee-mpp/system/public/glog/build/CMakeFiles/CMakeTmp/src.c: In function '__declspec':
/home/myuan/v831/nna/eyesee-mpp/system/public/glog/build/CMakeFiles/CMakeTmp/src.c:3:16: error: expected '=', ',', ';', 'asm' or '__attribute__' before '{' token
 int main(void) { return 0; }
                ^
/home/myuan/v831/nna/eyesee-mpp/system/public/glog/build/CMakeFiles/CMakeTmp/src.c:2:1: warning: type of 'selectany' defaults to 'int' [-Wimplicit-int]
 __declspec(selectany) int a;
 ^~~~~~~~~~
/home/myuan/v831/nna/eyesee-mpp/system/public/glog/build/CMakeFiles/CMakeTmp/src.c:2:27: error: declaration for parameter 'a' but no such parameter
 __declspec(selectany) int a;
                           ^
/home/myuan/v831/nna/eyesee-mpp/system/public/glog/build/CMakeFiles/CMakeTmp/src.c:3:16: error: expected '{' at end of input
 int main(void) { return 0; }
                ^
CMakeFiles/cmTC_0e267.dir/build.make:65: recipe for target 'CMakeFiles/cmTC_0e267.dir/src.c.o' failed
make[1]: *** [CMakeFiles/cmTC_0e267.dir/src.c.o] Error 1
make[1]: Leaving directory '/home/myuan/v831/nna/eyesee-mpp/system/public/glog/build/CMakeFiles/CMakeTmp'
Makefile:126: recipe for target 'cmTC_0e267/fast' failed
make: *** [cmTC_0e267/fast] Error 2

Source file was:

__declspec(selectany) int a;
int main(void) { return 0; }

Performing C++ SOURCE FILE Test STL_NO_NAMESPACE failed with the following output:
Change Dir: /home/myuan/v831/nna/eyesee-mpp/system/public/glog/build/CMakeFiles/CMakeTmp

Run Build Command:"/usr/bin/make" "cmTC_47c9d/fast"
/usr/bin/make -f CMakeFiles/cmTC_47c9d.dir/build.make CMakeFiles/cmTC_47c9d.dir/build
make[1]: Entering directory '/home/myuan/v831/nna/eyesee-mpp/system/public/glog/build/CMakeFiles/CMakeTmp'
Building CXX object CMakeFiles/cmTC_47c9d.dir/src.cxx.o
/home/myuan/v831/v831-ncnn-main/toolchain-sunxi-musl/toolchain/bin/arm-openwrt-linux-muslgnueabi-g++  -DV831  -DSTL_NO_NAMESPACE   -o CMakeFiles/cmTC_47c9d.dir/src.cxx.o -c /home/myuan/v831/nna/eyesee-mpp/system/public/glog/build/CMakeFiles/CMakeTmp/src.cxx
arm-openwrt-linux-muslgnueabi-g++.bin: warning: environment variable 'STAGING_DIR' not defined
/home/myuan/v831/nna/eyesee-mpp/system/public/glog/build/CMakeFiles/CMakeTmp/src.cxx:3:1: error: 'vector' does not name a type
 vector<int> t; int main() { }
 ^~~~~~
CMakeFiles/cmTC_47c9d.dir/build.make:65: recipe for target 'CMakeFiles/cmTC_47c9d.dir/src.cxx.o' failed
make[1]: *** [CMakeFiles/cmTC_47c9d.dir/src.cxx.o] Error 1
make[1]: Leaving directory '/home/myuan/v831/nna/eyesee-mpp/system/public/glog/build/CMakeFiles/CMakeTmp'
Makefile:126: recipe for target 'cmTC_47c9d/fast' failed
make: *** [cmTC_47c9d/fast] Error 2

Source file was:

#include <vector>
vector<int> t; int main() { }

Performing C++ SOURCE FILE Test HAVE_MSVC_TLS failed with the following output:
Change Dir: /home/myuan/v831/nna/eyesee-mpp/system/public/glog/build/CMakeFiles/CMakeTmp

Run Build Command:"/usr/bin/make" "cmTC_9d30c/fast"
/usr/bin/make -f CMakeFiles/cmTC_9d30c.dir/build.make CMakeFiles/cmTC_9d30c.dir/build
make[1]: Entering directory '/home/myuan/v831/nna/eyesee-mpp/system/public/glog/build/CMakeFiles/CMakeTmp'
Building CXX object CMakeFiles/cmTC_9d30c.dir/src.cxx.o
/home/myuan/v831/v831-ncnn-main/toolchain-sunxi-musl/toolchain/bin/arm-openwrt-linux-muslgnueabi-g++  -DV831  -DHAVE_MSVC_TLS   -o CMakeFiles/cmTC_9d30c.dir/src.cxx.o -c /home/myuan/v831/nna/eyesee-mpp/system/public/glog/build/CMakeFiles/CMakeTmp/src.cxx
arm-openwrt-linux-muslgnueabi-g++.bin: warning: environment variable 'STAGING_DIR' not defined
/home/myuan/v831/nna/eyesee-mpp/system/public/glog/build/CMakeFiles/CMakeTmp/src.cxx:2:11: error: expected constructor, destructor, or type conversion before '(' token
 __declspec(thread) int tls;
           ^
CMakeFiles/cmTC_9d30c.dir/build.make:65: recipe for target 'CMakeFiles/cmTC_9d30c.dir/src.cxx.o' failed
make[1]: *** [CMakeFiles/cmTC_9d30c.dir/src.cxx.o] Error 1
make[1]: Leaving directory '/home/myuan/v831/nna/eyesee-mpp/system/public/glog/build/CMakeFiles/CMakeTmp'
Makefile:126: recipe for target 'cmTC_9d30c/fast' failed
make: *** [cmTC_9d30c/fast] Error 2

Source file was:

__declspec(thread) int tls;
int main() { }

